<?xml version="1.0" encoding="UTF-8"?>
<testsuites name="Mocha Tests" time="7.172" tests="1" failures="1">
  <testsuite name="Root Suite" timestamp="2025-06-20T15:58:23" tests="0" file="cypress/e2e/secondTest.spec.cy.js" time="0.000" failures="0">
  </testsuite>
  <testsuite name="Test log out" timestamp="2025-06-20T15:58:23" tests="1" time="7.169" failures="1">
    <testcase name="Test log out verify use on log out successfuly" time="0.000" classname="verify use on log out successfuly">
      <failure message="Timed out retrying after 4000ms: expected &apos;&lt;ul.nav.navbar-nav.pull-xs-right&gt;&apos; to contain &apos;Sing up&apos;" type="AssertionError"><![CDATA[AssertionError: Timed out retrying after 4000ms: expected '<ul.nav.navbar-nav.pull-xs-right>' to contain 'Sing up'
    at Context.eval (webpack://api-cypress-test/./cypress/e2e/secondTest.spec.cy.js:12:30)]]></failure>
    </testcase>
  </testsuite>
</testsuites>