{
  "stats": {
    "suites": 1,
    "tests": 1,
    "passes": 0,
    "pending": 0,
    "failures": 1,
    "start": "2025-06-19T12:57:52.933Z",
    "end": "2025-06-19T12:57:59.916Z",
    "duration": 6983,
    "testsRegistered": 1,
    "passPercent": 0,
    "pendingPercent": 0,
    "other": 0,
    "hasOther": false,
    "skipped": 0,
    "hasSkipped": false
  },
  "results": [
    {
      "uuid": "458e66a4-45fc-495d-9e62-5927e5c0bf74",
      "title": "",
      "fullFile": "cypress\\e2e\\secondTest.spec.cy.js",
      "file": "cypress\\e2e\\secondTest.spec.cy.js",
      "beforeHooks": [],
      "afterHooks": [],
      "tests": [],
      "suites": [
        {
          "uuid": "5a2f8a7d-53d3-43a8-bb68-897eb8747b61",
          "title": "Test log out",
          "fullFile": "",
          "file": "",
          "beforeHooks": [],
          "afterHooks": [],
          "tests": [
            {
              "title": "verify use on log out successfuly",
              "fullTitle": "Test log out verify use on log out successfuly",
              "timedOut": null,
              "duration": 6941,
              "state": "failed",
              "speed": null,
              "pass": false,
              "fail": true,
              "pending": false,
              "context": null,
              "code": "cy.contains('Setting').click();\ncy.contains('Or click here to logout').click();\ncy.get('.navbar-nav').should('contain', 'Sing up');",
              "err": {
                "message": "AssertionError: Timed out retrying after 4000ms: expected '<ul.nav.navbar-nav.pull-xs-right>' to contain 'Sing up'",
                "estack": "AssertionError: Timed out retrying after 4000ms: expected '<ul.nav.navbar-nav.pull-xs-right>' to contain 'Sing up'\n    at Context.eval (webpack://api-cypress-test/./cypress/e2e/secondTest.spec.cy.js:12:30)",
                "diff": null
              },
              "uuid": "4d1e355a-cf3d-41be-8a10-5ffbf0bd0437",
              "parentUUID": "5a2f8a7d-53d3-43a8-bb68-897eb8747b61",
              "isHook": false,
              "skipped": false
            }
          ],
          "suites": [],
          "passes": [],
          "failures": [
            "4d1e355a-cf3d-41be-8a10-5ffbf0bd0437"
          ],
          "pending": [],
          "skipped": [],
          "duration": 6941,
          "root": false,
          "rootEmpty": false,
          "_timeout": 2000
        }
      ],
      "passes": [],
      "failures": [],
      "pending": [],
      "skipped": [],
      "duration": 0,
      "root": true,
      "rootEmpty": true,
      "_timeout": 2000
    }
  ],
  "meta": {
    "mocha": {
      "version": "7.2.0"
    },
    "mochawesome": {
      "options": {
        "quiet": false,
        "reportFilename": "mochawesome",
        "saveHtml": false,
        "saveJson": true,
        "consoleReporter": "spec",
        "useInlineDiffs": false,
        "code": true
      },
      "version": "7.1.3"
    },
    "marge": {
      "options": {
        "id": "default",
        "reportDir": "cypress/results/mochawesome",
        "overwrite": false,
        "html": false,
        "json": true
      },
      "version": "6.2.0"
    }
  }
}